[0m22:07:23.094350 [debug] [MainThread]: Sending event: {'category': 'dbt', 'action': 'invocation', 'label': 'start', 'context': [<snowplow_tracker.self_describing_json.SelfDescribingJson object at 0x1031dbd00>, <snowplow_tracker.self_describing_json.SelfDescribingJson object at 0x10531b640>, <snowplow_tracker.self_describing_json.SelfDescribingJson object at 0x105343820>]}


============================== 22:07:23.097521 | 65d0731c-af8b-4808-be2d-53f5b3011777 ==============================
[0m22:07:23.097521 [info ] [MainThread]: Running with dbt=1.7.2
[0m22:07:23.097897 [debug] [MainThread]: running dbt with arguments {'indirect_selection': 'eager', 'send_anonymous_usage_stats': 'True', 'introspect': 'True', 'no_print': 'None', 'use_colors': 'True', 'fail_fast': 'False', 'log_cache_events': 'False', 'log_path': 'logs', 'partial_parse': 'True', 'quiet': 'False', 'warn_error_options': 'WarnErrorOptions(include=[], exclude=[])', 'invocation_command': 'dbt init nba_project', 'target_path': 'None', 'warn_error': 'None', 'version_check': 'True', 'profiles_dir': '/Users/yukun.shen/.dbt', 'use_experimental_parser': 'False', 'write_json': 'True', 'cache_selected_only': 'False', 'printer_width': '80', 'log_format': 'default', 'static_parser': 'True', 'debug': 'False'}
[0m22:07:23.098572 [debug] [MainThread]: Starter project path: /Users/yukun.shen/nba-pipeline/venv/lib/python3.9/site-packages/dbt/include/starter_project
[0m22:07:23.103860 [info ] [MainThread]: 
Your new dbt project "nba_project" was created!

For more information on how to configure the profiles.yml file,
please consult the dbt documentation here:

  https://docs.getdbt.com/docs/configure-your-profile

One more thing:

Need help? Don't hesitate to reach out to us via GitHub issues or on Slack:

  https://community.getdbt.com/

Happy modeling!

[0m22:07:23.104155 [info ] [MainThread]: Setting up your profile.
[0m22:07:30.087853 [debug] [MainThread]: Sending event: {'category': 'dbt', 'action': 'invocation', 'label': 'end', 'context': [<snowplow_tracker.self_describing_json.SelfDescribingJson object at 0x1031dbd00>, <snowplow_tracker.self_describing_json.SelfDescribingJson object at 0x10533f970>, <snowplow_tracker.self_describing_json.SelfDescribingJson object at 0x10531b640>]}
[0m22:07:30.088177 [debug] [MainThread]: Flushing usage events
[0m22:24:04.180254 [debug] [MainThread]: Sending event: {'category': 'dbt', 'action': 'invocation', 'label': 'start', 'context': [<snowplow_tracker.self_describing_json.SelfDescribingJson object at 0x10471a6d0>, <snowplow_tracker.self_describing_json.SelfDescribingJson object at 0x106884100>, <snowplow_tracker.self_describing_json.SelfDescribingJson object at 0x1068808e0>]}


============================== 22:24:04.183173 | d78b45f4-8b85-4daa-9d42-91557dd04f63 ==============================
[0m22:24:04.183173 [info ] [MainThread]: Running with dbt=1.7.2
[0m22:24:04.183547 [debug] [MainThread]: running dbt with arguments {'cache_selected_only': 'False', 'write_json': 'True', 'invocation_command': 'dbt debug --profiles-dir /Users/yukun.shen/.dbt', 'use_colors': 'True', 'printer_width': '80', 'log_format': 'default', 'log_cache_events': 'False', 'indirect_selection': 'eager', 'profiles_dir': '/Users/yukun.shen/.dbt', 'partial_parse': 'True', 'no_print': 'None', 'introspect': 'True', 'static_parser': 'True', 'fail_fast': 'False', 'send_anonymous_usage_stats': 'True', 'log_path': 'logs', 'warn_error': 'None', 'target_path': 'None', 'quiet': 'False', 'warn_error_options': 'WarnErrorOptions(include=[], exclude=[])', 'use_experimental_parser': 'False', 'version_check': 'True', 'debug': 'False'}
[0m22:24:04.183968 [info ] [MainThread]: dbt version: 1.7.2
[0m22:24:04.184175 [info ] [MainThread]: python version: 3.9.6
[0m22:24:04.184376 [info ] [MainThread]: python path: /Users/yukun.shen/nba-pipeline/venv/bin/python3
[0m22:24:04.184572 [info ] [MainThread]: os info: macOS-15.6.1-arm64-arm-64bit
[0m22:24:04.320569 [info ] [MainThread]: Using profiles dir at /Users/yukun.shen/.dbt
[0m22:24:04.320893 [info ] [MainThread]: Using profiles.yml file at /Users/yukun.shen/.dbt/profiles.yml
[0m22:24:04.321117 [info ] [MainThread]: Using dbt_project.yml file at /Users/yukun.shen/nba-pipeline/dbt_project.yml
[0m22:24:04.321645 [info ] [MainThread]: adapter type: duckdb
[0m22:24:04.321880 [info ] [MainThread]: adapter version: 1.7.2
[0m22:24:04.322095 [info ] [MainThread]: Configuration:
[0m22:24:04.322289 [info ] [MainThread]:   profiles.yml file [[32mOK found and valid[0m]
[0m22:24:04.322479 [info ] [MainThread]:   dbt_project.yml file [[31mERROR not found[0m]
[0m22:24:04.322677 [info ] [MainThread]: Required dependencies:
[0m22:24:04.322914 [debug] [MainThread]: Executing "git --help"
[0m22:24:04.348651 [debug] [MainThread]: STDOUT: "b"usage: git [-v | --version] [-h | --help] [-C <path>] [-c <name>=<value>]\n           [--exec-path[=<path>]] [--html-path] [--man-path] [--info-path]\n           [-p | --paginate | -P | --no-pager] [--no-replace-objects] [--no-lazy-fetch]\n           [--no-optional-locks] [--no-advice] [--bare] [--git-dir=<path>]\n           [--work-tree=<path>] [--namespace=<name>] [--config-env=<name>=<envvar>]\n           <command> [<args>]\n\nThese are common Git commands used in various situations:\n\nstart a working area (see also: git help tutorial)\n   clone      Clone a repository into a new directory\n   init       Create an empty Git repository or reinitialize an existing one\n\nwork on the current change (see also: git help everyday)\n   add        Add file contents to the index\n   mv         Move or rename a file, a directory, or a symlink\n   restore    Restore working tree files\n   rm         Remove files from the working tree and from the index\n\nexamine the history and state (see also: git help revisions)\n   bisect     Use binary search to find the commit that introduced a bug\n   diff       Show changes between commits, commit and working tree, etc\n   grep       Print lines matching a pattern\n   log        Show commit logs\n   show       Show various types of objects\n   status     Show the working tree status\n\ngrow, mark and tweak your common history\n   backfill   Download missing objects in a partial clone\n   branch     List, create, or delete branches\n   commit     Record changes to the repository\n   merge      Join two or more development histories together\n   rebase     Reapply commits on top of another base tip\n   reset      Reset current HEAD to the specified state\n   switch     Switch branches\n   tag        Create, list, delete or verify a tag object signed with GPG\n\ncollaborate (see also: git help workflows)\n   fetch      Download objects and refs from another repository\n   pull       Fetch from and integrate with another repository or a local branch\n   push       Update remote refs along with associated objects\n\n'git help -a' and 'git help -g' list available subcommands and some\nconcept guides. See 'git help <command>' or 'git help <concept>'\nto read about a specific subcommand or concept.\nSee 'git help git' for an overview of the system.\n""
[0m22:24:04.349232 [debug] [MainThread]: STDERR: "b''"
[0m22:24:04.349578 [info ] [MainThread]:  - git [[32mOK found[0m]

[0m22:24:04.349841 [info ] [MainThread]: Connection:
[0m22:24:04.350109 [info ] [MainThread]:   database: nba
[0m22:24:04.350316 [info ] [MainThread]:   schema: analytics
[0m22:24:04.350511 [info ] [MainThread]:   path: ~/nba-pipeline/data/nba.duckdb
[0m22:24:04.350711 [info ] [MainThread]:   config_options: None
[0m22:24:04.350902 [info ] [MainThread]:   extensions: None
[0m22:24:04.351092 [info ] [MainThread]:   settings: None
[0m22:24:04.351279 [info ] [MainThread]:   external_root: .
[0m22:24:04.351468 [info ] [MainThread]:   use_credential_provider: None
[0m22:24:04.351657 [info ] [MainThread]:   attach: None
[0m22:24:04.351845 [info ] [MainThread]:   filesystems: None
[0m22:24:04.352031 [info ] [MainThread]:   remote: None
[0m22:24:04.352223 [info ] [MainThread]:   plugins: None
[0m22:24:04.352410 [info ] [MainThread]:   disable_transactions: False
[0m22:24:04.352728 [info ] [MainThread]: Registered adapter: duckdb=1.7.2
[0m22:24:04.357622 [debug] [MainThread]: Acquiring new duckdb connection 'debug'
[0m22:24:04.358228 [debug] [MainThread]: Using duckdb connection "debug"
[0m22:24:04.358466 [debug] [MainThread]: On debug: select 1 as id
[0m22:24:04.358682 [debug] [MainThread]: Opening a new connection, currently in state init
[0m22:24:04.365518 [info ] [MainThread]:   Connection test: [[31mERROR[0m]

[0m22:24:04.365887 [info ] [MainThread]: [31m2 checks failed:[0m
[0m22:24:04.366162 [info ] [MainThread]: Project loading failed for the following reason:
 project path </Users/yukun.shen/nba-pipeline/dbt_project.yml> not found

[0m22:24:04.366488 [info ] [MainThread]: dbt was unable to connect to the specified database.
The database returned the following error:

  >Runtime Error
  IO Error: The file "/Users/yukun.shen/nba-pipeline/data/nba.duckdb" exists, but it is not a valid DuckDB database file!

Check your database credentials and try again. For more information, visit:
https://docs.getdbt.com/docs/configure-your-profile


[0m22:24:04.368541 [debug] [MainThread]: Connection 'debug' was properly closed.
[0m22:24:04.368860 [debug] [MainThread]: Sending event: {'category': 'dbt', 'action': 'invocation', 'label': 'end', 'context': [<snowplow_tracker.self_describing_json.SelfDescribingJson object at 0x10471a6d0>, <snowplow_tracker.self_describing_json.SelfDescribingJson object at 0x1069f31c0>, <snowplow_tracker.self_describing_json.SelfDescribingJson object at 0x1069e4cd0>]}
[0m22:24:04.369176 [debug] [MainThread]: Flushing usage events
[0m22:28:04.957687 [debug] [MainThread]: Sending event: {'category': 'dbt', 'action': 'invocation', 'label': 'start', 'context': [<snowplow_tracker.self_describing_json.SelfDescribingJson object at 0x106dd46d0>, <snowplow_tracker.self_describing_json.SelfDescribingJson object at 0x111a28f10>, <snowplow_tracker.self_describing_json.SelfDescribingJson object at 0x111a526a0>]}


============================== 22:28:04.960836 | 1be1519c-6b73-4d17-8491-2cc58f3d8ec3 ==============================
[0m22:28:04.960836 [info ] [MainThread]: Running with dbt=1.7.2
[0m22:28:04.961256 [debug] [MainThread]: running dbt with arguments {'target_path': 'None', 'version_check': 'True', 'use_experimental_parser': 'False', 'log_cache_events': 'False', 'indirect_selection': 'eager', 'cache_selected_only': 'False', 'printer_width': '80', 'log_format': 'default', 'invocation_command': 'dbt run --profiles-dir /Users/yukun.shen/.dbt', 'fail_fast': 'False', 'write_json': 'True', 'warn_error_options': 'WarnErrorOptions(include=[], exclude=[])', 'static_parser': 'True', 'log_path': 'logs', 'warn_error': 'None', 'partial_parse': 'True', 'debug': 'False', 'use_colors': 'True', 'introspect': 'True', 'send_anonymous_usage_stats': 'True', 'no_print': 'None', 'quiet': 'False', 'profiles_dir': '/Users/yukun.shen/.dbt'}
[0m22:28:04.961649 [error] [MainThread]: Encountered an error:
Runtime Error
  No dbt_project.yml found at expected path /Users/yukun.shen/nba-pipeline/dbt_project.yml
  Verify that each entry within packages.yml (and their transitive dependencies) contains a file named dbt_project.yml
  
[0m22:28:04.963420 [debug] [MainThread]: Sending event: {'category': 'dbt', 'action': 'invocation', 'label': 'end', 'context': [<snowplow_tracker.self_describing_json.SelfDescribingJson object at 0x106dd46d0>, <snowplow_tracker.self_describing_json.SelfDescribingJson object at 0x111a04610>, <snowplow_tracker.self_describing_json.SelfDescribingJson object at 0x111a04b20>]}
[0m22:28:04.963665 [debug] [MainThread]: Flushing usage events
[0m22:30:28.745275 [debug] [MainThread]: Sending event: {'category': 'dbt', 'action': 'invocation', 'label': 'start', 'context': [<snowplow_tracker.self_describing_json.SelfDescribingJson object at 0x106aa26d0>, <snowplow_tracker.self_describing_json.SelfDescribingJson object at 0x108be3fa0>, <snowplow_tracker.self_describing_json.SelfDescribingJson object at 0x108c0c100>]}


============================== 22:30:28.748305 | 371923a0-5d92-4a34-994c-928af41acb1b ==============================
[0m22:30:28.748305 [info ] [MainThread]: Running with dbt=1.7.2
[0m22:30:28.748698 [debug] [MainThread]: running dbt with arguments {'warn_error_options': 'WarnErrorOptions(include=[], exclude=[])', 'cache_selected_only': 'False', 'printer_width': '80', 'use_colors': 'True', 'partial_parse': 'True', 'target_path': 'None', 'send_anonymous_usage_stats': 'True', 'fail_fast': 'False', 'write_json': 'True', 'invocation_command': 'dbt run --profiles-dir /Users/yukun.shen/.dbt', 'introspect': 'True', 'indirect_selection': 'eager', 'log_path': 'logs', 'warn_error': 'None', 'version_check': 'True', 'static_parser': 'True', 'quiet': 'False', 'use_experimental_parser': 'False', 'log_format': 'default', 'no_print': 'None', 'debug': 'False', 'profiles_dir': '/Users/yukun.shen/.dbt', 'log_cache_events': 'False'}
[0m22:30:28.749073 [error] [MainThread]: Encountered an error:
Runtime Error
  No dbt_project.yml found at expected path /Users/yukun.shen/nba-pipeline/dbt_project.yml
  Verify that each entry within packages.yml (and their transitive dependencies) contains a file named dbt_project.yml
  
[0m22:30:28.750800 [debug] [MainThread]: Sending event: {'category': 'dbt', 'action': 'invocation', 'label': 'end', 'context': [<snowplow_tracker.self_describing_json.SelfDescribingJson object at 0x106aa26d0>, <snowplow_tracker.self_describing_json.SelfDescribingJson object at 0x108bbfaf0>, <snowplow_tracker.self_describing_json.SelfDescribingJson object at 0x108bbf580>]}
[0m22:30:28.751038 [debug] [MainThread]: Flushing usage events
